<?xml version="1.0" encoding="utf-8"?><test-results name="/Users/mark/Projects/mono-xunit-example/bin/Debug/MonoXunit.Tests.dll" date="2015-06-20" time="09:44:34" total="2" failures="0" not-run="0"><test-suite name="/Users/mark/Projects/mono-xunit-example/bin/Debug/MonoXunit.Tests.dll" success="True" time="7.773"><results><test-suite name="MonoXunit.Tests.RandomTest" success="True" time="7.773"><results><test-case name="MonoXunit.Tests.RandomTest.Length_Is_Ok" executed="True" success="True" time="5.559"></test-case><test-case name="MonoXunit.Tests.RandomTest.String_Is_Not_Null" executed="True" success="True" time="2.214"></test-case></results></test-suite></results></test-suite></test-results>