<?xml version="1.0" encoding="utf-8"?><test-results name="/Users/xeb/Dropbox/Projects/Blizzard/MonoXunit/bin/Debug/MonoXunit.Tests.dll" date="2014-10-10" time="22:26:47" total="2" failures="0" not-run="0"><test-suite name="/Users/xeb/Dropbox/Projects/Blizzard/MonoXunit/bin/Debug/MonoXunit.Tests.dll" success="True" time="0.042"><results><test-suite name="MonoXunit.Tests.RandomTest" success="True" time="0.042"><results><test-case name="MonoXunit.Tests.RandomTest.Length_Is_Ok" executed="True" success="True" time="0.042"></test-case><test-case name="MonoXunit.Tests.RandomTest.String_Is_Not_Null" executed="True" success="True" time="0.000"></test-case></results></test-suite></results></test-suite></test-results>